<?xml version="1.0" encoding="utf-8"?><testsuites name="pytest tests"><testsuite name="pytest" errors="0" failures="1" skipped="0" tests="33" time="7.937" timestamp="2026-05-20T02:18:45.938387+00:00" hostname="agent-env-dbcf2893-bc9e-46bc-a5e1-8533f175eec9"><testcase classname="backend.tests.test_lootra_backend" name="test_health" time="0.172" /><testcase classname="backend.tests.test_lootra_backend" name="test_register_seller" time="0.326" /><testcase classname="backend.tests.test_lootra_backend" name="test_register_buyer" time="0.329" /><testcase classname="backend.tests.test_lootra_backend" name="test_duplicate_register_rejected" time="0.127" /><testcase classname="backend.tests.test_lootra_backend" name="test_me_via_cookie" time="0.231" /><testcase classname="backend.tests.test_lootra_backend" name="test_me_via_bearer" time="0.171" /><testcase classname="backend.tests.test_lootra_backend" name="test_login_admin" time="0.331" /><testcase classname="backend.tests.test_lootra_backend" name="test_refresh_token" time="0.052" /><testcase classname="backend.tests.test_lootra_backend" name="test_logout" time="0.491" /><testcase classname="backend.tests.test_lootra_backend" name="test_brute_force_lockout" time="2.432"><failure message="AssertionError: Expected 429 after 5 failed attempts&#10;assert False">E   AssertionError: Expected 429 after 5 failed attempts
    assert False</failure></testcase><testcase classname="backend.tests.test_lootra_backend" name="test_catalog_games" time="0.138" /><testcase classname="backend.tests.test_lootra_backend" name="test_catalog_categories" time="0.122" /><testcase classname="backend.tests.test_lootra_backend" name="test_create_listing" time="0.056" /><testcase classname="backend.tests.test_lootra_backend" name="test_pending_listing_not_in_public_list" time="0.101" /><testcase classname="backend.tests.test_lootra_backend" name="test_get_listing_excludes_credentials" time="0.119" /><testcase classname="backend.tests.test_lootra_backend" name="test_admin_list_pending" time="0.052" /><testcase classname="backend.tests.test_lootra_backend" name="test_non_admin_403" time="0.056" /><testcase classname="backend.tests.test_lootra_backend" name="test_admin_approve" time="0.159" /><testcase classname="backend.tests.test_lootra_backend" name="test_cannot_buy_own_listing" time="0.050" /><testcase classname="backend.tests.test_lootra_backend" name="test_purchase_listing" time="0.209" /><testcase classname="backend.tests.test_lootra_backend" name="test_cannot_buy_non_active" time="0.052" /><testcase classname="backend.tests.test_lootra_backend" name="test_insufficient_balance" time="0.471" /><testcase classname="backend.tests.test_lootra_backend" name="test_reveal_only_buyer" time="0.049" /><testcase classname="backend.tests.test_lootra_backend" name="test_buyer_reveal" time="0.053" /><testcase classname="backend.tests.test_lootra_backend" name="test_confirm_release" time="0.199" /><testcase classname="backend.tests.test_lootra_backend" name="test_review" time="0.060" /><testcase classname="backend.tests.test_lootra_backend" name="test_watchlist_toggle" time="0.253" /><testcase classname="backend.tests.test_lootra_backend" name="test_dispute_and_refund" time="0.567" /><testcase classname="backend.tests.test_lootra_backend" name="test_admin_vault" time="0.049" /><testcase classname="backend.tests.test_lootra_backend" name="test_vault_non_admin_403" time="0.061" /><testcase classname="backend.tests.test_lootra_backend" name="test_admin_audit" time="0.050" /><testcase classname="backend.tests.test_lootra_backend" name="test_admin_stats" time="0.048" /><testcase classname="backend.tests.test_lootra_backend" name="test_admin_reject" time="0.226" /></testsuite></testsuites>